[debug] [2023-01-22T00:24:48.465Z] ----------------------------------------------------------------------
[debug] [2023-01-22T00:24:48.467Z] Command:       C:\Program Files\nodejs\node.exe C:\Users\Intel\AppData\Roaming\npm\node_modules\firebase-tools\lib\bin\firebase.js init
[debug] [2023-01-22T00:24:48.467Z] CLI Version:   11.21.0
[debug] [2023-01-22T00:24:48.469Z] Platform:      win32
[debug] [2023-01-22T00:24:48.469Z] Node Version:  v16.18.0
[debug] [2023-01-22T00:24:48.470Z] Time:          Sat Jan 21 2023 21:24:48 GMT-0300 (hora estándar de Argentina)
[debug] [2023-01-22T00:24:48.470Z] ----------------------------------------------------------------------
[debug] 
[debug] [2023-01-22T00:24:48.475Z] > command requires scopes: ["email","openid","https://www.googleapis.com/auth/cloudplatformprojects.readonly","https://www.googleapis.com/auth/firebase","https://www.googleapis.com/auth/cloud-platform"]
[debug] [2023-01-22T00:24:48.476Z] > authorizing via signed-in user (jlavera@gmail.com)
[info] 
     ######## #### ########  ######## ########     ###     ######  ########
     ##        ##  ##     ## ##       ##     ##  ##   ##  ##       ##
     ######    ##  ########  ######   ########  #########  ######  ######
     ##        ##  ##    ##  ##       ##     ## ##     ##       ## ##
     ##       #### ##     ## ######## ########  ##     ##  ######  ########

You're about to initialize a Firebase project in this directory:

  C:\ReactApp\CHelp

Before we get started, keep in mind:

  * You are currently outside your home directory

[info] 
=== Project Setup
[info] 
[info] First, let's associate this project directory with a Firebase project.
[info] You can create multiple project aliases by running firebase use --add, 
[info] but for now we'll just set up a default project.
[info] 
